This file contains any messages produced by compilers while
running configure, to aid debugging if configure makes a mistake.

It was created by INF2610-LAB3 configure 2.2, which was
generated by GNU Autoconf 2.69.  Invocation command line was

  $ ./configure 

## --------- ##
## Platform. ##
## --------- ##

hostname = l4712-27.info.polymtl.ca
uname -m = x86_64
uname -r = 4.1.4-200.fc22.x86_64
uname -s = Linux
uname -v = #1 SMP Tue Aug 4 03:22:33 UTC 2015

/usr/bin/uname -p = x86_64
/bin/uname -X     = unknown

/bin/arch              = x86_64
/usr/bin/arch -k       = unknown
/usr/convex/getsysinfo = unknown
/usr/bin/hostinfo      = unknown
/bin/machine           = unknown
/usr/bin/oslevel       = unknown
/bin/universe          = unknown

PATH: /usr/lib64/qt-3.3/bin
PATH: /usr/lib64/mpich/bin
PATH: /opt/cuda-7.0/bin
PATH: /usr/local/bin
PATH: /usr/bin
PATH: /bin
PATH: /usr/local/sbin
PATH: /usr/sbin
PATH: /opt/java/jdk8.x86_64/bin
PATH: /opt/MATLAB/R2015a/bin
PATH: /opt/pycharm-edu-1.0/bin
PATH: /usr/local/pmccabe/usr/bin
PATH: /usr/local/CPNTools/bin
PATH: /usr/local/openclcc/bin
PATH: /usr/local/cours/inf1995/bin
PATH: /usr/local/cours/INF6410/bin
PATH: /usr/local/cours/inf6802/bin
PATH: /usr/local/cours/JohnMullins/bin
PATH: /usr/local/cours/LOG4420/bin
PATH: /usr/local/cours/INF2610/workload-kit-0.1.16/bin
PATH: /usr/local/cours/INF2610/lttv/bin
PATH: /usr/local/cours/INF2610/lttng/bin
PATH: /usr/local/cours/INF2610/trace-compass
PATH: /usr/local/cours/INF6101/minizinc-2.0.1/bin
PATH: /usr/local/cours/INF6603/CPAchecker-1.3.4-unix/scripts
PATH: /usr/local/cours/INF6603/llbmc-2013.1-Linux_64/bin
PATH: /usr/local/cours/INF6603/uppaal64-4.1.19
PATH: /usr/local/cours/INF6603/uppaal-tiga-0.18


## ----------- ##
## Core tests. ##
## ----------- ##

configure:2387: checking for a BSD-compatible install
configure:2455: result: /usr/bin/install -c
configure:2466: checking whether build environment is sane
configure:2521: result: yes
configure:2672: checking for a thread-safe mkdir -p
configure:2711: result: /usr/bin/mkdir -p
configure:2718: checking for gawk
configure:2734: found /usr/bin/gawk
configure:2745: result: gawk
configure:2756: checking whether make sets $(MAKE)
configure:2778: result: yes
configure:2807: checking whether make supports nested variables
configure:2824: result: yes
configure:2980: checking build system type
configure:2994: result: x86_64-unknown-linux-gnu
configure:3014: checking host system type
configure:3027: result: x86_64-unknown-linux-gnu
configure:3068: checking how to print strings
configure:3095: result: printf
configure:3128: checking for style of include used by make
configure:3156: result: GNU
configure:3227: checking for gcc
configure:3243: found /usr/bin/gcc
configure:3254: result: gcc
configure:3483: checking for C compiler version
configure:3492: gcc --version >&5
gcc (GCC) 5.1.1 20150618 (Red Hat 5.1.1-4)
Copyright (C) 2015 Free Software Foundation, Inc.
This is free software; see the source for copying conditions.  There is NO
warranty; not even for MERCHANTABILITY or FITNESS FOR A PARTICULAR PURPOSE.

configure:3503: $? = 0
configure:3492: gcc -v >&5
Using built-in specs.
COLLECT_GCC=gcc
COLLECT_LTO_WRAPPER=/usr/libexec/gcc/x86_64-redhat-linux/5.1.1/lto-wrapper
Target: x86_64-redhat-linux
Configured with: ../configure --enable-bootstrap --enable-languages=c,c++,objc,obj-c++,fortran,ada,go,lto --prefix=/usr --mandir=/usr/share/man --infodir=/usr/share/info --with-bugurl=http://bugzilla.redhat.com/bugzilla --enable-shared --enable-threads=posix --enable-checking=release --enable-multilib --with-system-zlib --enable-__cxa_atexit --disable-libunwind-exceptions --enable-gnu-unique-object --enable-linker-build-id --with-linker-hash-style=gnu --enable-plugin --enable-initfini-array --disable-libgcj --with-default-libstdcxx-abi=c++98 --with-isl --enable-libmpx --enable-gnu-indirect-function --with-tune=generic --with-arch_32=i686 --build=x86_64-redhat-linux
Thread model: posix
gcc version 5.1.1 20150618 (Red Hat 5.1.1-4) (GCC) 
configure:3503: $? = 0
configure:3492: gcc -V >&5
gcc: error: unrecognized command line option '-V'
gcc: fatal error: no input files
compilation terminated.
configure:3503: $? = 1
configure:3492: gcc -qversion >&5
gcc: error: unrecognized command line option '-qversion'
gcc: fatal error: no input files
compilation terminated.
configure:3503: $? = 1
configure:3523: checking whether the C compiler works
configure:3545: gcc    conftest.c  >&5
configure:3549: $? = 0
configure:3597: result: yes
configure:3600: checking for C compiler default output file name
configure:3602: result: a.out
configure:3608: checking for suffix of executables
configure:3615: gcc -o conftest    conftest.c  >&5
configure:3619: $? = 0
configure:3641: result: 
configure:3663: checking whether we are cross compiling
configure:3671: gcc -o conftest    conftest.c  >&5
configure:3675: $? = 0
configure:3682: ./conftest
configure:3686: $? = 0
configure:3701: result: no
configure:3706: checking for suffix of object files
configure:3728: gcc -c   conftest.c >&5
configure:3732: $? = 0
configure:3753: result: o
configure:3757: checking whether we are using the GNU C compiler
configure:3776: gcc -c   conftest.c >&5
configure:3776: $? = 0
configure:3785: result: yes
configure:3794: checking whether gcc accepts -g
configure:3814: gcc -c -g  conftest.c >&5
configure:3814: $? = 0
configure:3855: result: yes
configure:3872: checking for gcc option to accept ISO C89
configure:3935: gcc  -c -g -O2  conftest.c >&5
configure:3935: $? = 0
configure:3948: result: none needed
configure:3973: checking whether gcc understands -c and -o together
configure:3995: gcc -c conftest.c -o conftest2.o
configure:3998: $? = 0
configure:3995: gcc -c conftest.c -o conftest2.o
configure:3998: $? = 0
configure:4010: result: yes
configure:4029: checking dependency style of gcc
configure:4140: result: gcc3
configure:4155: checking for a sed that does not truncate output
configure:4219: result: /usr/bin/sed
configure:4237: checking for grep that handles long lines and -e
configure:4295: result: /usr/bin/grep
configure:4300: checking for egrep
configure:4362: result: /usr/bin/grep -E
configure:4367: checking for fgrep
configure:4429: result: /usr/bin/grep -F
configure:4464: checking for ld used by gcc
configure:4531: result: /usr/bin/ld
configure:4538: checking if the linker (/usr/bin/ld) is GNU ld
configure:4553: result: yes
configure:4565: checking for BSD- or MS-compatible name lister (nm)
configure:4614: result: /usr/bin/nm -B
configure:4744: checking the name lister (/usr/bin/nm -B) interface
configure:4751: gcc -c -g -O2  conftest.c >&5
configure:4754: /usr/bin/nm -B "conftest.o"
configure:4757: output
0000000000000000 B some_variable
configure:4764: result: BSD nm
configure:4767: checking whether ln -s works
configure:4771: result: yes
configure:4779: checking the maximum length of command line arguments
configure:4909: result: 1572864
configure:4926: checking whether the shell understands some XSI constructs
configure:4936: result: yes
configure:4940: checking whether the shell understands "+="
configure:4946: result: yes
configure:4981: checking how to convert x86_64-unknown-linux-gnu file names to x86_64-unknown-linux-gnu format
configure:5021: result: func_convert_file_noop
configure:5028: checking how to convert x86_64-unknown-linux-gnu file names to toolchain format
configure:5048: result: func_convert_file_noop
configure:5055: checking for /usr/bin/ld option to reload object files
configure:5062: result: -r
configure:5136: checking for objdump
configure:5152: found /usr/bin/objdump
configure:5163: result: objdump
configure:5195: checking how to recognize dependent libraries
configure:5397: result: pass_all
configure:5482: checking for dlltool
configure:5512: result: no
configure:5542: checking how to associate runtime and link libraries
configure:5569: result: printf %s\n
configure:5630: checking for ar
configure:5646: found /usr/bin/ar
configure:5657: result: ar
configure:5694: checking for archiver @FILE support
configure:5711: gcc -c -g -O2  conftest.c >&5
configure:5711: $? = 0
configure:5714: ar cru libconftest.a @conftest.lst >&5
ar: `u' modifier ignored since `D' is the default (see `U')
configure:5717: $? = 0
configure:5722: ar cru libconftest.a @conftest.lst >&5
ar: `u' modifier ignored since `D' is the default (see `U')
ar: conftest.o: No such file or directory
configure:5725: $? = 1
configure:5737: result: @
configure:5795: checking for strip
configure:5811: found /usr/bin/strip
configure:5822: result: strip
configure:5894: checking for ranlib
configure:5910: found /usr/bin/ranlib
configure:5921: result: ranlib
configure:6023: checking command to parse /usr/bin/nm -B output from gcc object
configure:6143: gcc -c -g -O2  conftest.c >&5
configure:6146: $? = 0
configure:6150: /usr/bin/nm -B conftest.o \| sed -n -e 's/^.*[ ]\([ABCDGIRSTW][ABCDGIRSTW]*\)[ ][ ]*\([_A-Za-z][_A-Za-z0-9]*\)$/\1 \2 \2/p' | sed '/ __gnu_lto/d' \> conftest.nm
configure:6153: $? = 0
configure:6219: gcc -o conftest -g -O2   conftest.c conftstm.o >&5
configure:6222: $? = 0
configure:6260: result: ok
configure:6297: checking for sysroot
configure:6327: result: no
configure:6404: gcc -c -g -O2  conftest.c >&5
configure:6407: $? = 0
configure:6589: checking for mt
configure:6619: result: no
configure:6639: checking if : is a manifest tool
configure:6645: : '-?'
configure:6653: result: no
configure:7295: checking how to run the C preprocessor
configure:7326: gcc -E  conftest.c
configure:7326: $? = 0
configure:7340: gcc -E  conftest.c
conftest.c:11:28: fatal error: ac_nonexistent.h: No such file or directory
compilation terminated.
configure:7340: $? = 1
configure: failed program was:
| /* confdefs.h */
| #define PACKAGE_NAME "INF2610-LAB3"
| #define PACKAGE_TARNAME "inf2610-lab3"
| #define PACKAGE_VERSION "2.2"
| #define PACKAGE_STRING "INF2610-LAB3 2.2"
| #define PACKAGE_BUGREPORT ""
| #define PACKAGE_URL ""
| #define PACKAGE "inf2610-lab3"
| #define VERSION "2.2"
| /* end confdefs.h.  */
| #include <ac_nonexistent.h>
configure:7365: result: gcc -E
configure:7385: gcc -E  conftest.c
configure:7385: $? = 0
configure:7399: gcc -E  conftest.c
conftest.c:11:28: fatal error: ac_nonexistent.h: No such file or directory
compilation terminated.
configure:7399: $? = 1
configure: failed program was:
| /* confdefs.h */
| #define PACKAGE_NAME "INF2610-LAB3"
| #define PACKAGE_TARNAME "inf2610-lab3"
| #define PACKAGE_VERSION "2.2"
| #define PACKAGE_STRING "INF2610-LAB3 2.2"
| #define PACKAGE_BUGREPORT ""
| #define PACKAGE_URL ""
| #define PACKAGE "inf2610-lab3"
| #define VERSION "2.2"
| /* end confdefs.h.  */
| #include <ac_nonexistent.h>
configure:7428: checking for ANSI C header files
configure:7448: gcc -c -g -O2  conftest.c >&5
configure:7448: $? = 0
configure:7521: gcc -o conftest -g -O2   conftest.c  >&5
configure:7521: $? = 0
configure:7521: ./conftest
configure:7521: $? = 0
configure:7532: result: yes
configure:7545: checking for sys/types.h
configure:7545: gcc -c -g -O2  conftest.c >&5
configure:7545: $? = 0
configure:7545: result: yes
configure:7545: checking for sys/stat.h
configure:7545: gcc -c -g -O2  conftest.c >&5
configure:7545: $? = 0
configure:7545: result: yes
configure:7545: checking for stdlib.h
configure:7545: gcc -c -g -O2  conftest.c >&5
configure:7545: $? = 0
configure:7545: result: yes
configure:7545: checking for string.h
configure:7545: gcc -c -g -O2  conftest.c >&5
configure:7545: $? = 0
configure:7545: result: yes
configure:7545: checking for memory.h
configure:7545: gcc -c -g -O2  conftest.c >&5
configure:7545: $? = 0
configure:7545: result: yes
configure:7545: checking for strings.h
configure:7545: gcc -c -g -O2  conftest.c >&5
configure:7545: $? = 0
configure:7545: result: yes
configure:7545: checking for inttypes.h
configure:7545: gcc -c -g -O2  conftest.c >&5
configure:7545: $? = 0
configure:7545: result: yes
configure:7545: checking for stdint.h
configure:7545: gcc -c -g -O2  conftest.c >&5
configure:7545: $? = 0
configure:7545: result: yes
configure:7545: checking for unistd.h
configure:7545: gcc -c -g -O2  conftest.c >&5
configure:7545: $? = 0
configure:7545: result: yes
configure:7559: checking for dlfcn.h
configure:7559: gcc -c -g -O2  conftest.c >&5
configure:7559: $? = 0
configure:7559: result: yes
configure:7765: checking for objdir
configure:7780: result: .libs
configure:8051: checking if gcc supports -fno-rtti -fno-exceptions
configure:8069: gcc -c -g -O2  -fno-rtti -fno-exceptions conftest.c >&5
cc1: warning: command line option '-fno-rtti' is valid for C++/ObjC++ but not for C
configure:8073: $? = 0
configure:8086: result: no
configure:8413: checking for gcc option to produce PIC
configure:8420: result: -fPIC -DPIC
configure:8428: checking if gcc PIC flag -fPIC -DPIC works
configure:8446: gcc -c -g -O2  -fPIC -DPIC -DPIC conftest.c >&5
configure:8450: $? = 0
configure:8463: result: yes
configure:8492: checking if gcc static flag -static works
configure:8520: result: yes
configure:8535: checking if gcc supports -c -o file.o
configure:8556: gcc -c -g -O2  -o out/conftest2.o conftest.c >&5
configure:8560: $? = 0
configure:8582: result: yes
configure:8590: checking if gcc supports -c -o file.o
configure:8637: result: yes
configure:8670: checking whether the gcc linker (/usr/bin/ld -m elf_x86_64) supports shared libraries
configure:9823: result: yes
configure:9860: checking whether -lc should be explicitly linked in
configure:9868: gcc -c -g -O2  conftest.c >&5
configure:9871: $? = 0
configure:9886: gcc -shared  -fPIC -DPIC conftest.o  -v -Wl,-soname -Wl,conftest -o conftest 2\>\&1 \| /usr/bin/grep  -lc  \>/dev/null 2\>\&1
configure:9889: $? = 0
configure:9903: result: no
configure:10063: checking dynamic linker characteristics
configure:10574: gcc -o conftest -g -O2   -Wl,-rpath -Wl,/foo conftest.c  >&5
configure:10574: $? = 0
configure:10800: result: GNU/Linux ld.so
configure:10907: checking how to hardcode library paths into programs
configure:10932: result: immediate
configure:11472: checking whether stripping libraries is possible
configure:11477: result: yes
configure:11512: checking if libtool supports shared libraries
configure:11514: result: yes
configure:11517: checking whether to build shared libraries
configure:11538: result: yes
configure:11541: checking whether to build static libraries
configure:11545: result: yes
configure:11586: checking for sys/types.h
configure:11586: result: yes
configure:11586: checking for unistd.h
configure:11586: result: yes
configure:11586: checking fcntl.h usability
configure:11586: gcc -c -g -O2  conftest.c >&5
configure:11586: $? = 0
configure:11586: result: yes
configure:11586: checking fcntl.h presence
configure:11586: gcc -E  conftest.c
configure:11586: $? = 0
configure:11586: result: yes
configure:11586: checking for fcntl.h
configure:11586: result: yes
configure:11586: checking for strings.h
configure:11586: result: yes
configure:11586: checking pthread.h usability
configure:11586: gcc -c -g -O2  conftest.c >&5
configure:11586: $? = 0
configure:11586: result: yes
configure:11586: checking pthread.h presence
configure:11586: gcc -E  conftest.c
configure:11586: $? = 0
configure:11586: result: yes
configure:11586: checking for pthread.h
configure:11586: result: yes
configure:11586: checking time.h usability
configure:11586: gcc -c -g -O2  conftest.c >&5
configure:11586: $? = 0
configure:11586: result: yes
configure:11586: checking time.h presence
configure:11586: gcc -E  conftest.c
configure:11586: $? = 0
configure:11586: result: yes
configure:11586: checking for time.h
configure:11586: result: yes
configure:11586: checking errno.h usability
configure:11586: gcc -c -g -O2  conftest.c >&5
configure:11586: $? = 0
configure:11586: result: yes
configure:11586: checking errno.h presence
configure:11586: gcc -E  conftest.c
configure:11586: $? = 0
configure:11586: result: yes
configure:11586: checking for errno.h
configure:11586: result: yes
configure:11586: checking stdarg.h usability
configure:11586: gcc -c -g -O2  conftest.c >&5
configure:11586: $? = 0
configure:11586: result: yes
configure:11586: checking stdarg.h presence
configure:11586: gcc -E  conftest.c
configure:11586: $? = 0
configure:11586: result: yes
configure:11586: checking for stdarg.h
configure:11586: result: yes
configure:11586: checking limits.h usability
configure:11586: gcc -c -g -O2  conftest.c >&5
configure:11586: $? = 0
configure:11586: result: yes
configure:11586: checking limits.h presence
configure:11586: gcc -E  conftest.c
configure:11586: $? = 0
configure:11586: result: yes
configure:11586: checking for limits.h
configure:11586: result: yes
configure:11586: checking signal.h usability
configure:11586: gcc -c -g -O2  conftest.c >&5
configure:11586: $? = 0
configure:11586: result: yes
configure:11586: checking signal.h presence
configure:11586: gcc -E  conftest.c
configure:11586: $? = 0
configure:11586: result: yes
configure:11586: checking for signal.h
configure:11586: result: yes
configure:11586: checking for stdlib.h
configure:11586: result: yes
configure:11599: checking for inttypes.h
configure:11599: result: yes
configure:11599: checking math.h usability
configure:11599: gcc -c -g -O2  conftest.c >&5
configure:11599: $? = 0
configure:11599: result: yes
configure:11599: checking math.h presence
configure:11599: gcc -E  conftest.c
configure:11599: $? = 0
configure:11599: result: yes
configure:11599: checking for math.h
configure:11599: result: yes
configure:11609: checking for pthread_create in -lpthread
configure:11634: gcc -o conftest -g -O2   conftest.c -lpthread   >&5
configure:11634: $? = 0
configure:11643: result: yes
configure:11657: checking whether to enable debug mode
configure:11676: result: no
configure:11695: checking whether make supports nested variables
configure:11712: result: yes
configure:11730: checking for nasm
configure:11746: found /usr/bin/nasm
configure:11757: result: nasm
configure:11770: checking for object file format of host system
configure:11844: result: ELF64
configure:11852: checking for object file format specifier (NAFLAGS) 
configure:11867: result: -felf64 -DELF -D__x86_64__
configure:11871: checking whether the assembler (nasm -felf64 -DELF -D__x86_64__) works
configure:11882: nasm -felf64 -DELF -D__x86_64__ -o conftest.o conftest.asm
configure:11885: $? = 0
configure:11887: result: yes
configure:11898: checking whether the linker accepts assembler output
configure:11901: gcc -o conftest  conftest.o -lpthread  1>&5
configure:11904: $? = 0
configure:11907: result: yes
configure:11966: checking for gcc
configure:11993: result: gcc
configure:12222: checking for C compiler version
configure:12231: gcc --version >&5
gcc (GCC) 5.1.1 20150618 (Red Hat 5.1.1-4)
Copyright (C) 2015 Free Software Foundation, Inc.
This is free software; see the source for copying conditions.  There is NO
warranty; not even for MERCHANTABILITY or FITNESS FOR A PARTICULAR PURPOSE.

configure:12242: $? = 0
configure:12231: gcc -v >&5
Using built-in specs.
COLLECT_GCC=gcc
COLLECT_LTO_WRAPPER=/usr/libexec/gcc/x86_64-redhat-linux/5.1.1/lto-wrapper
Target: x86_64-redhat-linux
Configured with: ../configure --enable-bootstrap --enable-languages=c,c++,objc,obj-c++,fortran,ada,go,lto --prefix=/usr --mandir=/usr/share/man --infodir=/usr/share/info --with-bugurl=http://bugzilla.redhat.com/bugzilla --enable-shared --enable-threads=posix --enable-checking=release --enable-multilib --with-system-zlib --enable-__cxa_atexit --disable-libunwind-exceptions --enable-gnu-unique-object --enable-linker-build-id --with-linker-hash-style=gnu --enable-plugin --enable-initfini-array --disable-libgcj --with-default-libstdcxx-abi=c++98 --with-isl --enable-libmpx --enable-gnu-indirect-function --with-tune=generic --with-arch_32=i686 --build=x86_64-redhat-linux
Thread model: posix
gcc version 5.1.1 20150618 (Red Hat 5.1.1-4) (GCC) 
configure:12242: $? = 0
configure:12231: gcc -V >&5
gcc: error: unrecognized command line option '-V'
gcc: fatal error: no input files
compilation terminated.
configure:12242: $? = 1
configure:12231: gcc -qversion >&5
gcc: error: unrecognized command line option '-qversion'
gcc: fatal error: no input files
compilation terminated.
configure:12242: $? = 1
configure:12246: checking whether we are using the GNU C compiler
configure:12274: result: yes
configure:12283: checking whether gcc accepts -g
configure:12344: result: yes
configure:12361: checking for gcc option to accept ISO C89
configure:12437: result: none needed
configure:12462: checking whether gcc understands -c and -o together
configure:12499: result: yes
configure:12518: checking dependency style of gcc
configure:12629: result: gcc3
configure:12702: checking for g++
configure:12718: found /usr/bin/g++
configure:12729: result: g++
configure:12756: checking for C++ compiler version
configure:12765: g++ --version >&5
g++ (GCC) 5.1.1 20150618 (Red Hat 5.1.1-4)
Copyright (C) 2015 Free Software Foundation, Inc.
This is free software; see the source for copying conditions.  There is NO
warranty; not even for MERCHANTABILITY or FITNESS FOR A PARTICULAR PURPOSE.

configure:12776: $? = 0
configure:12765: g++ -v >&5
Using built-in specs.
COLLECT_GCC=g++
COLLECT_LTO_WRAPPER=/usr/libexec/gcc/x86_64-redhat-linux/5.1.1/lto-wrapper
Target: x86_64-redhat-linux
Configured with: ../configure --enable-bootstrap --enable-languages=c,c++,objc,obj-c++,fortran,ada,go,lto --prefix=/usr --mandir=/usr/share/man --infodir=/usr/share/info --with-bugurl=http://bugzilla.redhat.com/bugzilla --enable-shared --enable-threads=posix --enable-checking=release --enable-multilib --with-system-zlib --enable-__cxa_atexit --disable-libunwind-exceptions --enable-gnu-unique-object --enable-linker-build-id --with-linker-hash-style=gnu --enable-plugin --enable-initfini-array --disable-libgcj --with-default-libstdcxx-abi=c++98 --with-isl --enable-libmpx --enable-gnu-indirect-function --with-tune=generic --with-arch_32=i686 --build=x86_64-redhat-linux
Thread model: posix
gcc version 5.1.1 20150618 (Red Hat 5.1.1-4) (GCC) 
configure:12776: $? = 0
configure:12765: g++ -V >&5
g++: error: unrecognized command line option '-V'
g++: fatal error: no input files
compilation terminated.
configure:12776: $? = 1
configure:12765: g++ -qversion >&5
g++: error: unrecognized command line option '-qversion'
g++: fatal error: no input files
compilation terminated.
configure:12776: $? = 1
configure:12780: checking whether we are using the GNU C++ compiler
configure:12799: g++ -c -Wall -O3 -fomit-frame-pointer -std=c++0x  conftest.cpp >&5
configure:12799: $? = 0
configure:12808: result: yes
configure:12817: checking whether g++ accepts -g
configure:12837: g++ -c -g  conftest.cpp >&5
configure:12837: $? = 0
configure:12878: result: yes
configure:12903: checking dependency style of g++
configure:13014: result: gcc3
configure:13047: checking how to run the C++ preprocessor
configure:13074: g++ -E  conftest.cpp
configure:13074: $? = 0
configure:13088: g++ -E  conftest.cpp
conftest.cpp:37:28: fatal error: ac_nonexistent.h: No such file or directory
compilation terminated.
configure:13088: $? = 1
configure: failed program was:
| /* confdefs.h */
| #define PACKAGE_NAME "INF2610-LAB3"
| #define PACKAGE_TARNAME "inf2610-lab3"
| #define PACKAGE_VERSION "2.2"
| #define PACKAGE_STRING "INF2610-LAB3 2.2"
| #define PACKAGE_BUGREPORT ""
| #define PACKAGE_URL ""
| #define PACKAGE "inf2610-lab3"
| #define VERSION "2.2"
| #define STDC_HEADERS 1
| #define HAVE_SYS_TYPES_H 1
| #define HAVE_SYS_STAT_H 1
| #define HAVE_STDLIB_H 1
| #define HAVE_STRING_H 1
| #define HAVE_MEMORY_H 1
| #define HAVE_STRINGS_H 1
| #define HAVE_INTTYPES_H 1
| #define HAVE_STDINT_H 1
| #define HAVE_UNISTD_H 1
| #define HAVE_DLFCN_H 1
| #define LT_OBJDIR ".libs/"
| #define HAVE_SYS_TYPES_H 1
| #define HAVE_UNISTD_H 1
| #define HAVE_FCNTL_H 1
| #define HAVE_STRINGS_H 1
| #define HAVE_PTHREAD_H 1
| #define HAVE_TIME_H 1
| #define HAVE_ERRNO_H 1
| #define HAVE_STDARG_H 1
| #define HAVE_LIMITS_H 1
| #define HAVE_SIGNAL_H 1
| #define HAVE_STDLIB_H 1
| #define HAVE_INTTYPES_H 1
| #define HAVE_MATH_H 1
| #define HAVE_LIBPTHREAD 1
| /* end confdefs.h.  */
| #include <ac_nonexistent.h>
configure:13113: result: g++ -E
configure:13133: g++ -E  conftest.cpp
configure:13133: $? = 0
configure:13147: g++ -E  conftest.cpp
conftest.cpp:37:28: fatal error: ac_nonexistent.h: No such file or directory
compilation terminated.
configure:13147: $? = 1
configure: failed program was:
| /* confdefs.h */
| #define PACKAGE_NAME "INF2610-LAB3"
| #define PACKAGE_TARNAME "inf2610-lab3"
| #define PACKAGE_VERSION "2.2"
| #define PACKAGE_STRING "INF2610-LAB3 2.2"
| #define PACKAGE_BUGREPORT ""
| #define PACKAGE_URL ""
| #define PACKAGE "inf2610-lab3"
| #define VERSION "2.2"
| #define STDC_HEADERS 1
| #define HAVE_SYS_TYPES_H 1
| #define HAVE_SYS_STAT_H 1
| #define HAVE_STDLIB_H 1
| #define HAVE_STRING_H 1
| #define HAVE_MEMORY_H 1
| #define HAVE_STRINGS_H 1
| #define HAVE_INTTYPES_H 1
| #define HAVE_STDINT_H 1
| #define HAVE_UNISTD_H 1
| #define HAVE_DLFCN_H 1
| #define LT_OBJDIR ".libs/"
| #define HAVE_SYS_TYPES_H 1
| #define HAVE_UNISTD_H 1
| #define HAVE_FCNTL_H 1
| #define HAVE_STRINGS_H 1
| #define HAVE_PTHREAD_H 1
| #define HAVE_TIME_H 1
| #define HAVE_ERRNO_H 1
| #define HAVE_STDARG_H 1
| #define HAVE_LIMITS_H 1
| #define HAVE_SIGNAL_H 1
| #define HAVE_STDLIB_H 1
| #define HAVE_INTTYPES_H 1
| #define HAVE_MATH_H 1
| #define HAVE_LIBPTHREAD 1
| /* end confdefs.h.  */
| #include <ac_nonexistent.h>
configure:13316: checking for ld used by g++
configure:13383: result: /usr/bin/ld -m elf_x86_64
configure:13390: checking if the linker (/usr/bin/ld -m elf_x86_64) is GNU ld
configure:13405: result: yes
configure:13460: checking whether the g++ linker (/usr/bin/ld -m elf_x86_64) supports shared libraries
configure:14465: result: yes
configure:14501: g++ -c -Wall -O3 -fomit-frame-pointer -std=c++0x  conftest.cpp >&5
configure:14504: $? = 0
configure:15024: checking for g++ option to produce PIC
configure:15031: result: -fPIC -DPIC
configure:15039: checking if g++ PIC flag -fPIC -DPIC works
configure:15057: g++ -c -Wall -O3 -fomit-frame-pointer -std=c++0x  -fPIC -DPIC -DPIC conftest.cpp >&5
configure:15061: $? = 0
configure:15074: result: yes
configure:15097: checking if g++ static flag -static works
configure:15125: result: no
configure:15137: checking if g++ supports -c -o file.o
configure:15158: g++ -c -Wall -O3 -fomit-frame-pointer -std=c++0x  -o out/conftest2.o conftest.cpp >&5
configure:15162: $? = 0
configure:15184: result: yes
configure:15189: checking if g++ supports -c -o file.o
configure:15236: result: yes
configure:15266: checking whether the g++ linker (/usr/bin/ld -m elf_x86_64) supports shared libraries
configure:15302: result: yes
configure:15443: checking dynamic linker characteristics
configure:16114: result: GNU/Linux ld.so
configure:16167: checking how to hardcode library paths into programs
configure:16192: result: immediate
configure:16276: checking for ranlib
configure:16303: result: ranlib
configure:16435: checking that generated files are newer than configure
configure:16441: result: done
configure:16472: creating ./config.status

## ---------------------- ##
## Running config.status. ##
## ---------------------- ##

This file was extended by INF2610-LAB3 config.status 2.2, which was
generated by GNU Autoconf 2.69.  Invocation command line was

  CONFIG_FILES    = 
  CONFIG_HEADERS  = 
  CONFIG_LINKS    = 
  CONFIG_COMMANDS = 
  $ ./config.status 

on l4712-27.info.polymtl.ca

config.status:1164: creating Makefile
config.status:1164: creating scripts/Makefile
config.status:1164: creating pagedump/Makefile
config.status:1164: creating segfault/Makefile
config.status:1164: creating randaddr/Makefile
config.status:1164: creating drmem/Makefile
config.status:1164: creating config.h
config.status:1345: config.h is unchanged
config.status:1393: executing depfiles commands
config.status:1393: executing libtool commands

## ---------------- ##
## Cache variables. ##
## ---------------- ##

ac_cv_build=x86_64-unknown-linux-gnu
ac_cv_c_compiler_gnu=yes
ac_cv_cxx_compiler_gnu=yes
ac_cv_env_CCC_set=
ac_cv_env_CCC_value=
ac_cv_env_CC_set=
ac_cv_env_CC_value=
ac_cv_env_CFLAGS_set=
ac_cv_env_CFLAGS_value=
ac_cv_env_CPPFLAGS_set=
ac_cv_env_CPPFLAGS_value=
ac_cv_env_CPP_set=
ac_cv_env_CPP_value=
ac_cv_env_CXXCPP_set=
ac_cv_env_CXXCPP_value=
ac_cv_env_CXXFLAGS_set=
ac_cv_env_CXXFLAGS_value=
ac_cv_env_CXX_set=
ac_cv_env_CXX_value=
ac_cv_env_LDFLAGS_set=
ac_cv_env_LDFLAGS_value=
ac_cv_env_LIBS_set=
ac_cv_env_LIBS_value=
ac_cv_env_build_alias_set=
ac_cv_env_build_alias_value=
ac_cv_env_host_alias_set=
ac_cv_env_host_alias_value=
ac_cv_env_target_alias_set=
ac_cv_env_target_alias_value=
ac_cv_header_dlfcn_h=yes
ac_cv_header_errno_h=yes
ac_cv_header_fcntl_h=yes
ac_cv_header_inttypes_h=yes
ac_cv_header_limits_h=yes
ac_cv_header_math_h=yes
ac_cv_header_memory_h=yes
ac_cv_header_pthread_h=yes
ac_cv_header_signal_h=yes
ac_cv_header_stdarg_h=yes
ac_cv_header_stdc=yes
ac_cv_header_stdint_h=yes
ac_cv_header_stdlib_h=yes
ac_cv_header_string_h=yes
ac_cv_header_strings_h=yes
ac_cv_header_sys_stat_h=yes
ac_cv_header_sys_types_h=yes
ac_cv_header_time_h=yes
ac_cv_header_unistd_h=yes
ac_cv_host=x86_64-unknown-linux-gnu
ac_cv_lib_pthread_pthread_create=yes
ac_cv_objext=o
ac_cv_path_EGREP='/usr/bin/grep -E'
ac_cv_path_FGREP='/usr/bin/grep -F'
ac_cv_path_GREP=/usr/bin/grep
ac_cv_path_SED=/usr/bin/sed
ac_cv_path_install='/usr/bin/install -c'
ac_cv_path_mkdir=/usr/bin/mkdir
ac_cv_prog_AWK=gawk
ac_cv_prog_CPP='gcc -E'
ac_cv_prog_CXXCPP='g++ -E'
ac_cv_prog_NASM=nasm
ac_cv_prog_ac_ct_AR=ar
ac_cv_prog_ac_ct_CC=gcc
ac_cv_prog_ac_ct_CXX=g++
ac_cv_prog_ac_ct_OBJDUMP=objdump
ac_cv_prog_ac_ct_RANLIB=ranlib
ac_cv_prog_ac_ct_STRIP=strip
ac_cv_prog_cc_c89=
ac_cv_prog_cc_g=yes
ac_cv_prog_cxx_g=yes
ac_cv_prog_make_make_set=yes
am_cv_CC_dependencies_compiler_type=gcc3
am_cv_CXX_dependencies_compiler_type=gcc3
am_cv_make_support_nested_variables=yes
am_cv_prog_cc_c_o=yes
lt_cv_ar_at_file=@
lt_cv_archive_cmds_need_lc=no
lt_cv_deplibs_check_method=pass_all
lt_cv_file_magic_cmd='$MAGIC_CMD'
lt_cv_file_magic_test_file=
lt_cv_ld_reload_flag=-r
lt_cv_nm_interface='BSD nm'
lt_cv_objdir=.libs
lt_cv_path_LD=/usr/bin/ld
lt_cv_path_LDCXX='/usr/bin/ld -m elf_x86_64'
lt_cv_path_NM='/usr/bin/nm -B'
lt_cv_path_mainfest_tool=no
lt_cv_prog_compiler_c_o=yes
lt_cv_prog_compiler_c_o_CXX=yes
lt_cv_prog_compiler_pic='-fPIC -DPIC'
lt_cv_prog_compiler_pic_CXX='-fPIC -DPIC'
lt_cv_prog_compiler_pic_works=yes
lt_cv_prog_compiler_pic_works_CXX=yes
lt_cv_prog_compiler_rtti_exceptions=no
lt_cv_prog_compiler_static_works=yes
lt_cv_prog_compiler_static_works_CXX=no
lt_cv_prog_gnu_ld=yes
lt_cv_prog_gnu_ldcxx=yes
lt_cv_sharedlib_from_linklib_cmd='printf %s\n'
lt_cv_shlibpath_overrides_runpath=no
lt_cv_sys_global_symbol_pipe='sed -n -e '\''s/^.*[	 ]\([ABCDGIRSTW][ABCDGIRSTW]*\)[	 ][	 ]*\([_A-Za-z][_A-Za-z0-9]*\)$/\1 \2 \2/p'\'' | sed '\''/ __gnu_lto/d'\'''
lt_cv_sys_global_symbol_to_c_name_address='sed -n -e '\''s/^: \([^ ]*\)[ ]*$/  {\"\1\", (void *) 0},/p'\'' -e '\''s/^[ABCDGIRSTW]* \([^ ]*\) \([^ ]*\)$/  {"\2", (void *) \&\2},/p'\'''
lt_cv_sys_global_symbol_to_c_name_address_lib_prefix='sed -n -e '\''s/^: \([^ ]*\)[ ]*$/  {\"\1\", (void *) 0},/p'\'' -e '\''s/^[ABCDGIRSTW]* \([^ ]*\) \(lib[^ ]*\)$/  {"\2", (void *) \&\2},/p'\'' -e '\''s/^[ABCDGIRSTW]* \([^ ]*\) \([^ ]*\)$/  {"lib\2", (void *) \&\2},/p'\'''
lt_cv_sys_global_symbol_to_cdecl='sed -n -e '\''s/^T .* \(.*\)$/extern int \1();/p'\'' -e '\''s/^[ABCDGIRSTW]* .* \(.*\)$/extern char \1;/p'\'''
lt_cv_sys_max_cmd_len=1572864
lt_cv_to_host_file_cmd=func_convert_file_noop
lt_cv_to_tool_file_cmd=func_convert_file_noop

## ----------------- ##
## Output variables. ##
## ----------------- ##

ACLOCAL='${SHELL} /usagers/relat/Documents/INF2610_Lab3/missing aclocal-1.15'
AMDEPBACKSLASH='\'
AMDEP_FALSE='#'
AMDEP_TRUE=''
AMTAR='$${TAR-tar}'
AM_BACKSLASH='\'
AM_DEFAULT_V='$(AM_DEFAULT_VERBOSITY)'
AM_DEFAULT_VERBOSITY='0'
AM_V='$(V)'
AR='ar'
AUTOCONF='${SHELL} /usagers/relat/Documents/INF2610_Lab3/missing autoconf'
AUTOHEADER='${SHELL} /usagers/relat/Documents/INF2610_Lab3/missing autoheader'
AUTOMAKE='${SHELL} /usagers/relat/Documents/INF2610_Lab3/missing automake-1.15'
AWK='gawk'
CC='gcc'
CCDEPMODE='depmode=gcc3'
CFLAGS='-Wall -O3 -fomit-frame-pointer'
CPP='gcc -E'
CPPFLAGS=''
CXX='g++'
CXXCPP='g++ -E'
CXXDEPMODE='depmode=gcc3'
CXXFLAGS='-Wall -O3 -fomit-frame-pointer -std=c++0x'
CYGPATH_W='echo'
DEFS='-DHAVE_CONFIG_H'
DEPDIR='.deps'
DLLTOOL='false'
DSYMUTIL=''
DUMPBIN=''
ECHO_C=''
ECHO_N='-n'
ECHO_T=''
EGREP='/usr/bin/grep -E'
EXEEXT=''
FGREP='/usr/bin/grep -F'
GREP='/usr/bin/grep'
INSTALL_DATA='${INSTALL} -m 644'
INSTALL_PROGRAM='${INSTALL}'
INSTALL_SCRIPT='${INSTALL}'
INSTALL_STRIP_PROGRAM='$(install_sh) -c -s'
LD='/usr/bin/ld -m elf_x86_64'
LDFLAGS=''
LIBOBJS=''
LIBS='-lpthread '
LIBTOOL='$(SHELL) $(top_builddir)/libtool'
LIPO=''
LN_S='ln -s'
LTLIBOBJS=''
MAKEINFO='${SHELL} /usagers/relat/Documents/INF2610_Lab3/missing makeinfo'
MANIFEST_TOOL=':'
MKDIR_P='/usr/bin/mkdir -p'
NAFLAGS='-felf64 -DELF -D__x86_64__'
NASM='nasm'
NM='/usr/bin/nm -B'
NMEDIT=''
OBJDUMP='objdump'
OBJEXT='o'
OTOOL64=''
OTOOL=''
PACKAGE='inf2610-lab3'
PACKAGE_BUGREPORT=''
PACKAGE_NAME='INF2610-LAB3'
PACKAGE_STRING='INF2610-LAB3 2.2'
PACKAGE_TARNAME='inf2610-lab3'
PACKAGE_URL=''
PACKAGE_VERSION='2.2'
PATH_SEPARATOR=':'
RANLIB='ranlib'
SED='/usr/bin/sed'
SET_MAKE=''
SHELL='/bin/sh'
STRIP='strip'
VERSION='2.2'
ac_ct_AR='ar'
ac_ct_CC='gcc'
ac_ct_CXX='g++'
ac_ct_DUMPBIN=''
am__EXEEXT_FALSE=''
am__EXEEXT_TRUE='#'
am__fastdepCC_FALSE='#'
am__fastdepCC_TRUE=''
am__fastdepCXX_FALSE='#'
am__fastdepCXX_TRUE=''
am__include='include'
am__isrc=''
am__leading_dot='.'
am__nodep='_no'
am__quote=''
am__tar='$${TAR-tar} chof - "$$tardir"'
am__untar='$${TAR-tar} xf -'
bindir='${exec_prefix}/bin'
build='x86_64-unknown-linux-gnu'
build_alias=''
build_cpu='x86_64'
build_os='linux-gnu'
build_vendor='unknown'
datadir='${datarootdir}'
datarootdir='${prefix}/share'
docdir='${datarootdir}/doc/${PACKAGE_TARNAME}'
dvidir='${docdir}'
exec_prefix='${prefix}'
host='x86_64-unknown-linux-gnu'
host_alias=''
host_cpu='x86_64'
host_os='linux-gnu'
host_vendor='unknown'
htmldir='${docdir}'
includedir='${prefix}/include'
infodir='${datarootdir}/info'
install_sh='${SHELL} /usagers/relat/Documents/INF2610_Lab3/install-sh'
libdir='${exec_prefix}/lib'
libexecdir='${exec_prefix}/libexec'
localedir='${datarootdir}/locale'
localstatedir='${prefix}/var'
mandir='${datarootdir}/man'
mkdir_p='$(MKDIR_P)'
oldincludedir='/usr/include'
pdfdir='${docdir}'
prefix='/usr/local'
program_transform_name='s,x,x,'
psdir='${docdir}'
sbindir='${exec_prefix}/sbin'
sharedstatedir='${prefix}/com'
sysconfdir='${prefix}/etc'
target_alias=''

## ----------- ##
## confdefs.h. ##
## ----------- ##

/* confdefs.h */
#define PACKAGE_NAME "INF2610-LAB3"
#define PACKAGE_TARNAME "inf2610-lab3"
#define PACKAGE_VERSION "2.2"
#define PACKAGE_STRING "INF2610-LAB3 2.2"
#define PACKAGE_BUGREPORT ""
#define PACKAGE_URL ""
#define PACKAGE "inf2610-lab3"
#define VERSION "2.2"
#define STDC_HEADERS 1
#define HAVE_SYS_TYPES_H 1
#define HAVE_SYS_STAT_H 1
#define HAVE_STDLIB_H 1
#define HAVE_STRING_H 1
#define HAVE_MEMORY_H 1
#define HAVE_STRINGS_H 1
#define HAVE_INTTYPES_H 1
#define HAVE_STDINT_H 1
#define HAVE_UNISTD_H 1
#define HAVE_DLFCN_H 1
#define LT_OBJDIR ".libs/"
#define HAVE_SYS_TYPES_H 1
#define HAVE_UNISTD_H 1
#define HAVE_FCNTL_H 1
#define HAVE_STRINGS_H 1
#define HAVE_PTHREAD_H 1
#define HAVE_TIME_H 1
#define HAVE_ERRNO_H 1
#define HAVE_STDARG_H 1
#define HAVE_LIMITS_H 1
#define HAVE_SIGNAL_H 1
#define HAVE_STDLIB_H 1
#define HAVE_INTTYPES_H 1
#define HAVE_MATH_H 1
#define HAVE_LIBPTHREAD 1

configure: exit 0

## ---------------------- ##
## Running config.status. ##
## ---------------------- ##

This file was extended by INF2610-LAB3 config.status 2.2, which was
generated by GNU Autoconf 2.69.  Invocation command line was

  CONFIG_FILES    = 
  CONFIG_HEADERS  = 
  CONFIG_LINKS    = 
  CONFIG_COMMANDS = 
  $ ./config.status Makefile

on l4712-27.info.polymtl.ca

config.status:1164: creating Makefile

## ---------------------- ##
## Running config.status. ##
## ---------------------- ##

This file was extended by INF2610-LAB3 config.status 2.2, which was
generated by GNU Autoconf 2.69.  Invocation command line was

  CONFIG_FILES    = 
  CONFIG_HEADERS  = 
  CONFIG_LINKS    = 
  CONFIG_COMMANDS = 
  $ ./config.status drmem/Makefile depfiles

on l4712-27.info.polymtl.ca

config.status:1164: creating drmem/Makefile
config.status:1393: executing depfiles commands

## ---------------------- ##
## Running config.status. ##
## ---------------------- ##

This file was extended by INF2610-LAB3 config.status 2.2, which was
generated by GNU Autoconf 2.69.  Invocation command line was

  CONFIG_FILES    = 
  CONFIG_HEADERS  = 
  CONFIG_LINKS    = 
  CONFIG_COMMANDS = 
  $ ./config.status scripts/Makefile

on l4712-27.info.polymtl.ca

config.status:1164: creating scripts/Makefile

## ---------------------- ##
## Running config.status. ##
## ---------------------- ##

This file was extended by INF2610-LAB3 config.status 2.2, which was
generated by GNU Autoconf 2.69.  Invocation command line was

  CONFIG_FILES    = 
  CONFIG_HEADERS  = 
  CONFIG_LINKS    = 
  CONFIG_COMMANDS = 
  $ ./config.status segfault/Makefile depfiles

on l4712-27.info.polymtl.ca

config.status:1164: creating segfault/Makefile
config.status:1393: executing depfiles commands

## ---------------------- ##
## Running config.status. ##
## ---------------------- ##

This file was extended by INF2610-LAB3 config.status 2.2, which was
generated by GNU Autoconf 2.69.  Invocation command line was

  CONFIG_FILES    = 
  CONFIG_HEADERS  = 
  CONFIG_LINKS    = 
  CONFIG_COMMANDS = 
  $ ./config.status pagedump/Makefile depfiles

on l4712-27.info.polymtl.ca

config.status:1164: creating pagedump/Makefile
config.status:1393: executing depfiles commands

## ---------------------- ##
## Running config.status. ##
## ---------------------- ##

This file was extended by INF2610-LAB3 config.status 2.2, which was
generated by GNU Autoconf 2.69.  Invocation command line was

  CONFIG_FILES    = 
  CONFIG_HEADERS  = 
  CONFIG_LINKS    = 
  CONFIG_COMMANDS = 
  $ ./config.status randaddr/Makefile depfiles

on l4712-27.info.polymtl.ca

config.status:1164: creating randaddr/Makefile
config.status:1393: executing depfiles commands
